[0m2021.03.23 12:09:50 INFO  tracing is disabled for protocol LSP, to enable tracing of incoming and outgoing JSON messages create an empty file at c:\Users\sabri\Desktop\group-work-2-team-7\null\scalameta\metals\cache\lsp.trace.json[0m
[0m2021.03.23 12:09:50 INFO  Starting Metals server with configuration: MetalsServerConfig(
  glob-syntax=GlobSyntaxConfig(vscode),
  status-bar=StatusBarConfig(off),
  open-files-on-rename=false,
  rename-file-threshold=300,
  slow-task=SlowTaskConfig(off),
  execute-client-command=ExecuteClientCommandConfig(off),
  compilers=PresentationCompilerConfigImpl(false,Some(editor.action.triggerParameterHints),Some(editor.action.triggerSuggest),Map(scala/collection/mutable/ -> mutable., java/util/ -> ju.),Unicode,true,true,true,true,true,true,true,scala.meta.internal.pc.PresentationCompilerConfigImpl$$$Lambda$61/1691538257@3f197a46,20,SECONDS),
  http=false,
  input-box=false,
  ask-to-reconnect=false,
  icons=vscode,
  statistics=StatisticsConfig(default),
  bloop-port=default
)[0m
[0m2021.03.23 12:09:51 INFO  logging to file C:\Users\sabri\Desktop\group-work-2-team-7\.metals\metals.log[0m
[0m2021.03.25 11:54:04 INFO  tracing is disabled for protocol LSP, to enable tracing of incoming and outgoing JSON messages create an empty file at c:\Users\sabri\Desktop\group-work-2-team-7\null\scalameta\metals\cache\lsp.trace.json[0m
[0m2021.03.25 11:54:04 INFO  Starting Metals server with configuration: MetalsServerConfig(
  glob-syntax=GlobSyntaxConfig(vscode),
  status-bar=StatusBarConfig(off),
  open-files-on-rename=false,
  rename-file-threshold=300,
  slow-task=SlowTaskConfig(off),
  execute-client-command=ExecuteClientCommandConfig(off),
  compilers=PresentationCompilerConfigImpl(false,Some(editor.action.triggerParameterHints),Some(editor.action.triggerSuggest),Map(scala/collection/mutable/ -> mutable., java/util/ -> ju.),Unicode,true,true,true,true,true,true,true,scala.meta.internal.pc.PresentationCompilerConfigImpl$$$Lambda$61/1691538257@3f197a46,20,SECONDS),
  http=false,
  input-box=false,
  ask-to-reconnect=false,
  icons=vscode,
  statistics=StatisticsConfig(default),
  bloop-port=default
)[0m
[0m2021.03.25 11:54:04 INFO  logging to file C:\Users\sabri\Desktop\group-work-2-team-7\.metals\metals.log[0m
[0m2021.03.25 16:47:56 INFO  tracing is disabled for protocol LSP, to enable tracing of incoming and outgoing JSON messages create an empty file at c:\Users\sabri\Desktop\group-work-2-team-7\null\scalameta\metals\cache\lsp.trace.json[0m
[0m2021.03.25 16:47:56 INFO  Starting Metals server with configuration: MetalsServerConfig(
  glob-syntax=GlobSyntaxConfig(vscode),
  status-bar=StatusBarConfig(off),
  open-files-on-rename=false,
  rename-file-threshold=300,
  slow-task=SlowTaskConfig(off),
  execute-client-command=ExecuteClientCommandConfig(off),
  compilers=PresentationCompilerConfigImpl(false,Some(editor.action.triggerParameterHints),Some(editor.action.triggerSuggest),Map(scala/collection/mutable/ -> mutable., java/util/ -> ju.),Unicode,true,true,true,true,true,true,true,scala.meta.internal.pc.PresentationCompilerConfigImpl$$$Lambda$61/1691538257@3f197a46,20,SECONDS),
  http=false,
  input-box=false,
  ask-to-reconnect=false,
  icons=vscode,
  statistics=StatisticsConfig(default),
  bloop-port=default
)[0m
[0m2021.03.25 16:47:57 INFO  logging to file C:\Users\sabri\Desktop\group-work-2-team-7\.metals\metals.log[0m
[0m2021.03.30 11:38:46 INFO  tracing is disabled for protocol LSP, to enable tracing of incoming and outgoing JSON messages create an empty file at c:\Users\sabri\Desktop\group-work-2-team-7\null\scalameta\metals\cache\lsp.trace.json[0m
[0m2021.03.30 11:38:46 INFO  Starting Metals server with configuration: MetalsServerConfig(
  glob-syntax=GlobSyntaxConfig(vscode),
  status-bar=StatusBarConfig(off),
  open-files-on-rename=false,
  rename-file-threshold=300,
  slow-task=SlowTaskConfig(off),
  execute-client-command=ExecuteClientCommandConfig(off),
  compilers=PresentationCompilerConfigImpl(false,Some(editor.action.triggerParameterHints),Some(editor.action.triggerSuggest),Map(scala/collection/mutable/ -> mutable., java/util/ -> ju.),Unicode,true,true,true,true,true,true,true,scala.meta.internal.pc.PresentationCompilerConfigImpl$$$Lambda$61/1691538257@3f197a46,20,SECONDS),
  http=false,
  input-box=false,
  ask-to-reconnect=false,
  icons=vscode,
  statistics=StatisticsConfig(default),
  bloop-port=default
)[0m
[0m2021.03.30 11:38:46 INFO  logging to file C:\Users\sabri\Desktop\group-work-2-team-7\.metals\metals.log[0m
